2022-09-10 17:40:33,908 - create_datasets  - 49   - INFO     - output path exists, delete previous dataset...
2022-09-10 17:40:33,913 - create_datasets  - 58   - INFO     - create 001 data...
2022-09-10 17:40:35,822 - create_one_patient_data - 90   - WARNING  - patient 001/ task 0/ episode 1: preFoG shorter than 5 sec...
2022-09-10 17:40:39,793 - create_one_patient_data - 90   - WARNING  - patient 001/ task 0/ episode 8: preFoG shorter than 5 sec...
2022-09-10 17:40:43,564 - create_one_patient_data - 90   - WARNING  - patient 001/ task 1/ episode 4: preFoG shorter than 5 sec...
2022-09-10 17:40:47,689 - create_one_patient_data - 85   - WARNING  - patient 001/ task 2: This task does not include qualified FoG episode...
2022-09-10 17:40:47,764 - create_one_patient_data - 85   - WARNING  - patient 001/ task 3: This task does not include qualified FoG episode...
2022-09-10 17:40:47,765 - create_datasets  - 60   - INFO     - create 001 data successfully...
2022-09-10 17:40:47,765 - create_datasets  - 58   - INFO     - create 003 data...
2022-09-10 17:40:50,685 - create_one_patient_data - 90   - WARNING  - patient 003/ task 0/ episode 0: preFoG shorter than 5 sec...
2022-09-10 17:41:01,526 - create_one_patient_data - 90   - WARNING  - patient 003/ task 0/ episode 4: preFoG shorter than 5 sec...
2022-09-10 17:41:01,526 - create_one_patient_data - 90   - WARNING  - patient 003/ task 0/ episode 5: preFoG shorter than 5 sec...
2022-09-10 17:41:01,731 - create_one_patient_data - 90   - WARNING  - patient 003/ task 0/ episode 7: preFoG shorter than 5 sec...
2022-09-10 17:41:07,290 - create_one_patient_data - 90   - WARNING  - patient 003/ task 0/ episode 9: preFoG shorter than 5 sec...
2022-09-10 17:41:12,359 - create_one_patient_data - 90   - WARNING  - patient 003/ task 0/ episode 12: preFoG shorter than 5 sec...
2022-09-10 17:41:12,835 - create_one_patient_data - 90   - WARNING  - patient 003/ task 0/ episode 14: preFoG shorter than 5 sec...
2022-09-10 17:41:13,252 - create_one_patient_data - 90   - WARNING  - patient 003/ task 0/ episode 18: preFoG shorter than 5 sec...
2022-09-10 17:41:13,252 - create_one_patient_data - 90   - WARNING  - patient 003/ task 0/ episode 19: preFoG shorter than 5 sec...
2022-09-10 17:41:13,253 - create_one_patient_data - 90   - WARNING  - patient 003/ task 0/ episode 20: preFoG shorter than 5 sec...
2022-09-10 17:41:15,671 - create_one_patient_data - 90   - WARNING  - patient 003/ task 1/ episode 2: preFoG shorter than 5 sec...
2022-09-10 17:41:15,672 - create_one_patient_data - 90   - WARNING  - patient 003/ task 1/ episode 3: preFoG shorter than 5 sec...
2022-09-10 17:41:16,102 - create_one_patient_data - 90   - WARNING  - patient 003/ task 1/ episode 5: preFoG shorter than 5 sec...
2022-09-10 17:41:16,102 - create_one_patient_data - 90   - WARNING  - patient 003/ task 1/ episode 6: preFoG shorter than 5 sec...
2022-09-10 17:41:16,102 - create_one_patient_data - 90   - WARNING  - patient 003/ task 1/ episode 7: preFoG shorter than 5 sec...
2022-09-10 17:41:20,461 - create_one_patient_data - 90   - WARNING  - patient 003/ task 1/ episode 13: preFoG shorter than 5 sec...
2022-09-10 17:41:20,714 - create_one_patient_data - 90   - WARNING  - patient 003/ task 1/ episode 15: preFoG shorter than 5 sec...
2022-09-10 17:41:20,831 - create_one_patient_data - 90   - WARNING  - patient 003/ task 1/ episode 17: preFoG shorter than 5 sec...
2022-09-10 17:41:24,974 - create_one_patient_data - 90   - WARNING  - patient 003/ task 2/ episode 0: preFoG shorter than 5 sec...
2022-09-10 17:41:24,975 - create_one_patient_data - 90   - WARNING  - patient 003/ task 2/ episode 1: preFoG shorter than 5 sec...
2022-09-10 17:41:25,509 - create_one_patient_data - 90   - WARNING  - patient 003/ task 2/ episode 3: preFoG shorter than 5 sec...
2022-09-10 17:41:25,701 - create_one_patient_data - 90   - WARNING  - patient 003/ task 2/ episode 5: preFoG shorter than 5 sec...
2022-09-10 17:41:26,090 - create_one_patient_data - 90   - WARNING  - patient 003/ task 3/ episode 1: preFoG shorter than 5 sec...
2022-09-10 17:41:26,914 - create_datasets  - 60   - INFO     - create 003 data successfully...
2022-09-10 17:41:26,914 - create_datasets  - 58   - INFO     - create 006 data...
2022-09-10 17:41:39,314 - create_one_patient_data - 90   - WARNING  - patient 006/ task 1/ episode 1: preFoG shorter than 5 sec...
2022-09-10 17:41:51,599 - create_datasets  - 60   - INFO     - create 006 data successfully...
2022-09-10 17:41:51,599 - create_datasets  - 58   - INFO     - create 007 data...
2022-09-10 17:41:52,642 - create_one_patient_data - 90   - WARNING  - patient 007/ task 0/ episode 3: preFoG shorter than 5 sec...
2022-09-10 17:41:55,881 - create_one_patient_data - 90   - WARNING  - patient 007/ task 0/ episode 10: preFoG shorter than 5 sec...
2022-09-10 17:41:57,852 - create_one_patient_data - 90   - WARNING  - patient 007/ task 1/ episode 1: preFoG shorter than 5 sec...
2022-09-10 17:42:03,224 - create_one_patient_data - 90   - WARNING  - patient 007/ task 2/ episode 0: preFoG shorter than 5 sec...
2022-09-10 17:42:03,679 - create_one_patient_data - 90   - WARNING  - patient 007/ task 2/ episode 2: preFoG shorter than 5 sec...
2022-09-10 17:42:03,842 - create_one_patient_data - 90   - WARNING  - patient 007/ task 3/ episode 0: preFoG shorter than 5 sec...
2022-09-10 17:42:03,842 - create_one_patient_data - 90   - WARNING  - patient 007/ task 3/ episode 1: preFoG shorter than 5 sec...
2022-09-10 17:42:03,842 - create_one_patient_data - 90   - WARNING  - patient 007/ task 3/ episode 2: preFoG shorter than 5 sec...
2022-09-10 17:42:03,842 - create_datasets  - 60   - INFO     - create 007 data successfully...
2022-09-10 17:42:03,842 - create_datasets  - 58   - INFO     - create 008 data...
2022-09-10 17:42:09,319 - create_one_patient_data - 90   - WARNING  - patient 081/ task 0/ episode 5: preFoG shorter than 5 sec...
2022-09-10 17:42:18,801 - create_one_patient_data - 90   - WARNING  - patient 081/ task 1/ episode 7: preFoG shorter than 5 sec...
2022-09-10 17:42:19,820 - create_one_patient_data - 90   - WARNING  - patient 081/ task 2/ episode 0: preFoG shorter than 5 sec...
2022-09-10 17:42:19,820 - create_one_patient_data - 90   - WARNING  - patient 081/ task 2/ episode 1: preFoG shorter than 5 sec...
2022-09-10 17:42:25,465 - create_one_patient_data - 90   - WARNING  - patient 082/ task 0/ episode 6: preFoG shorter than 5 sec...
2022-09-10 17:42:25,465 - create_one_patient_data - 90   - WARNING  - patient 082/ task 0/ episode 7: preFoG shorter than 5 sec...
2022-09-10 17:42:29,463 - create_one_patient_data - 90   - WARNING  - patient 082/ task 1/ episode 3: preFoG shorter than 5 sec...
2022-09-10 17:42:31,822 - create_one_patient_data - 90   - WARNING  - patient 082/ task 1/ episode 5: preFoG shorter than 5 sec...
2022-09-10 17:42:36,198 - create_one_patient_data - 90   - WARNING  - patient 082/ task 3/ episode 0: preFoG shorter than 5 sec...
2022-09-10 17:42:36,198 - create_one_patient_data - 90   - WARNING  - patient 082/ task 3/ episode 1: preFoG shorter than 5 sec...
2022-09-10 17:42:36,198 - create_datasets  - 60   - INFO     - create 008 data successfully...
2022-09-10 17:42:36,198 - create_datasets  - 58   - INFO     - create 009 data...
2022-09-10 17:42:38,896 - create_one_patient_data - 90   - WARNING  - patient 009/ task 0/ episode 1: preFoG shorter than 5 sec...
2022-09-10 17:42:39,679 - create_one_patient_data - 90   - WARNING  - patient 009/ task 0/ episode 3: preFoG shorter than 5 sec...
2022-09-10 17:42:41,139 - create_one_patient_data - 90   - WARNING  - patient 009/ task 1/ episode 2: preFoG shorter than 5 sec...
2022-09-10 17:42:44,124 - create_one_patient_data - 90   - WARNING  - patient 009/ task 1/ episode 9: preFoG shorter than 5 sec...
2022-09-10 17:42:44,124 - create_one_patient_data - 90   - WARNING  - patient 009/ task 1/ episode 10: preFoG shorter than 5 sec...
2022-09-10 17:42:45,370 - create_one_patient_data - 90   - WARNING  - patient 009/ task 2/ episode 1: preFoG shorter than 5 sec...
2022-09-10 17:42:46,204 - create_one_patient_data - 90   - WARNING  - patient 009/ task 2/ episode 6: preFoG shorter than 5 sec...
2022-09-10 17:42:49,796 - create_one_patient_data - 90   - WARNING  - patient 009/ task 3/ episode 1: preFoG shorter than 5 sec...
2022-09-10 17:42:50,109 - create_one_patient_data - 90   - WARNING  - patient 009/ task 4/ episode 1: preFoG shorter than 5 sec...
2022-09-10 17:42:50,411 - create_one_patient_data - 90   - WARNING  - patient 009/ task 5/ episode 1: preFoG shorter than 5 sec...
2022-09-10 17:42:50,412 - create_datasets  - 60   - INFO     - create 009 data successfully...
2022-09-10 17:42:50,412 - create_datasets  - 58   - INFO     - create 010 data...
2022-09-10 17:43:01,914 - create_one_patient_data - 90   - WARNING  - patient 010/ task 0/ episode 10: preFoG shorter than 5 sec...
2022-09-10 17:43:03,407 - create_one_patient_data - 90   - WARNING  - patient 010/ task 0/ episode 12: preFoG shorter than 5 sec...
2022-09-10 17:43:14,217 - create_one_patient_data - 90   - WARNING  - patient 010/ task 1/ episode 6: preFoG shorter than 5 sec...
2022-09-10 17:43:22,017 - create_one_patient_data - 90   - WARNING  - patient 010/ task 2/ episode 1: preFoG shorter than 5 sec...
2022-09-10 17:43:23,611 - create_datasets  - 60   - INFO     - create 010 data successfully...
2022-09-10 17:43:23,611 - create_datasets  - 58   - INFO     - create 011 data...
2022-09-10 17:43:25,849 - create_one_patient_data - 90   - WARNING  - patient 011/ task 0/ episode 1: preFoG shorter than 5 sec...
2022-09-10 17:43:25,850 - create_one_patient_data - 90   - WARNING  - patient 011/ task 0/ episode 2: preFoG shorter than 5 sec...
2022-09-10 17:43:25,850 - create_one_patient_data - 90   - WARNING  - patient 011/ task 0/ episode 3: preFoG shorter than 5 sec...
2022-09-10 17:43:26,844 - create_one_patient_data - 90   - WARNING  - patient 011/ task 0/ episode 5: preFoG shorter than 5 sec...
2022-09-10 17:43:27,262 - create_one_patient_data - 90   - WARNING  - patient 011/ task 0/ episode 7: preFoG shorter than 5 sec...
2022-09-10 17:43:27,262 - create_one_patient_data - 90   - WARNING  - patient 011/ task 0/ episode 8: preFoG shorter than 5 sec...
2022-09-10 17:43:28,604 - create_one_patient_data - 90   - WARNING  - patient 011/ task 0/ episode 10: preFoG shorter than 5 sec...
2022-09-10 17:43:29,375 - create_one_patient_data - 90   - WARNING  - patient 011/ task 0/ episode 13: preFoG shorter than 5 sec...
2022-09-10 17:43:32,292 - create_one_patient_data - 90   - WARNING  - patient 011/ task 0/ episode 20: preFoG shorter than 5 sec...
2022-09-10 17:43:35,656 - create_one_patient_data - 90   - WARNING  - patient 011/ task 1/ episode 2: preFoG shorter than 5 sec...
2022-09-10 17:43:35,657 - create_one_patient_data - 90   - WARNING  - patient 011/ task 1/ episode 3: preFoG shorter than 5 sec...
2022-09-10 17:43:35,657 - create_one_patient_data - 90   - WARNING  - patient 011/ task 1/ episode 4: preFoG shorter than 5 sec...
2022-09-10 17:43:37,111 - create_one_patient_data - 90   - WARNING  - patient 011/ task 1/ episode 8: preFoG shorter than 5 sec...
2022-09-10 17:43:37,943 - create_one_patient_data - 90   - WARNING  - patient 011/ task 1/ episode 10: preFoG shorter than 5 sec...
2022-09-10 17:43:37,943 - create_one_patient_data - 90   - WARNING  - patient 011/ task 1/ episode 11: preFoG shorter than 5 sec...
2022-09-10 17:43:37,943 - create_one_patient_data - 90   - WARNING  - patient 011/ task 1/ episode 12: preFoG shorter than 5 sec...
2022-09-10 17:43:38,504 - create_one_patient_data - 90   - WARNING  - patient 011/ task 1/ episode 14: preFoG shorter than 5 sec...
2022-09-10 17:43:38,949 - create_one_patient_data - 90   - WARNING  - patient 011/ task 1/ episode 16: preFoG shorter than 5 sec...
2022-09-10 17:43:41,241 - create_one_patient_data - 90   - WARNING  - patient 011/ task 2/ episode 0: preFoG shorter than 5 sec...
2022-09-10 17:43:42,779 - create_datasets  - 60   - INFO     - create 011 data successfully...
2022-09-10 17:43:42,779 - create_datasets  - 61   - INFO     - Create FoG dataset successfully, fs: 500Hz, window: 3s, step: 0.5s, pre_FoG: 5s, cols: ['LShankACCX', 'LShankACCY', 'LShankACCZ', 'LShankGYROX', 'LShankGYROY', 'LShankGYROZ']
